INFO:[('a', 'big'), ('a', 'large'), ('a', 'bad'), ('a', 'prominent'), ('a', 'heavy')]
INFO:ngram result on (a big,a large,a bad,a prominent,a heavy): , 3.3155881586329393e-05, 9.267984811837475e-05, 1.6342193096837338e-05, 5.5709695061523234e-06, 1.0263775341930645e-05]
INFO:5 <-> 5
INFO:a big
INFO:http://www.google.com/search?hl=en&q=%22a+big+heart%22&num=50&btnG=Google+Search
INFO:score (a big heart): 63,900,000
INFO:http://www.google.com/search?hl=en&q=%22a+big%22&num=50&btnG=Google+Search
INFO:score ("a big"): 784,000,000
INFO:denominator ("a big"): 784000000.0
INFO:http://www.google.com/search?hl=en&q=%22a+big%22+%22information+technology%22&num=50&btnG=Google+Search
INFO:score ("a big" "information technology"): 9,650,000
INFO:http://www.google.com/search?hl=en&q=%22a+big%22+%22medical%22&num=50&btnG=Google+Search
INFO:score ("a big" "medical"): 232,000,000
INFO:[784000000.0, 9650000.0, 232000000.0]
INFO:a large
INFO:http://www.google.com/search?hl=en&q=%22a+large+heart%22&num=50&btnG=Google+Search
INFO:score (a large heart): 4,340,000
INFO:http://www.google.com/search?hl=en&q=%22a+large%22&num=50&btnG=Google+Search
INFO:score ("a large"): 719,000,000
INFO:denominator ("a large"): 719000000.0
INFO:http://www.google.com/search?hl=en&q=%22a+large%22+%22information+technology%22&num=50&btnG=Google+Search
INFO:score ("a large" "information technology"): 35,500,000
INFO:http://www.google.com/search?hl=en&q=%22a+large%22+%22medical%22&num=50&btnG=Google+Search
INFO:score ("a large" "medical"): 290,000,000
INFO:[719000000.0, 35500000.0, 290000000.0]
INFO:a bad
INFO:http://www.google.com/search?hl=en&q=%22a+bad+heart%22&num=50&btnG=Google+Search
INFO:score (a bad heart): 3,660,000
INFO:http://www.google.com/search?hl=en&q=%22a+bad%22&num=50&btnG=Google+Search
INFO:score ("a bad"): 310,000,000
INFO:denominator ("a bad"): 310000000.0
INFO:http://www.google.com/search?hl=en&q=%22a+bad%22+%22information+technology%22&num=50&btnG=Google+Search
INFO:score ("a bad" "information technology"): 2,930,000
INFO:http://www.google.com/search?hl=en&q=%22a+bad%22+%22medical%22&num=50&btnG=Google+Search
INFO:score ("a bad" "medical"): 76,400,000
INFO:[310000000.0, 2930000.0, 76400000.0]
INFO:a prominent
INFO:http://www.google.com/search?hl=en&q=%22a+prominent+heart%22&num=50&btnG=Google+Search
INFO:score (a prominent heart): 255,000
INFO:http://www.google.com/search?hl=en&q=%22a+prominent%22&num=50&btnG=Google+Search
INFO:score ("a prominent"): 40,400,000
INFO:denominator ("a prominent"): 40400000.0
INFO:http://www.google.com/search?hl=en&q=%22a+prominent%22+%22information+technology%22&num=50&btnG=Google+Search
INFO:score ("a prominent" "information technology"): 2,940,000
INFO:http://www.google.com/search?hl=en&q=%22a+prominent%22+%22medical%22&num=50&btnG=Google+Search
INFO:score ("a prominent" "medical"): 19,200,000
INFO:[40400000.0, 2940000.0, 19200000.0]
INFO:a heavy
INFO:http://www.google.com/search?hl=en&q=%22a+heavy+heart%22&num=50&btnG=Google+Search
INFO:score (a heavy heart): 31,600,000
INFO:http://www.google.com/search?hl=en&q=%22a+heavy%22&num=50&btnG=Google+Search
INFO:score ("a heavy"): 77,800,000
INFO:denominator ("a heavy"): 77800000.0
INFO:http://www.google.com/search?hl=en&q=%22a+heavy%22+%22information+technology%22&num=50&btnG=Google+Search
INFO:score ("a heavy" "information technology"): 2,120,000
INFO:http://www.google.com/search?hl=en&q=%22a+heavy%22+%22medical%22&num=50&btnG=Google+Search
INFO:score ("a heavy" "medical"): 25,900,000
INFO:[77800000.0, 2120000.0, 25900000.0]
INFO:[('big', 'heart'), ('big', 'bosom'), ('big', 'pump'), ('big', 'ticker'), ('big', 'mettle'), ('large', 'heart'), ('large', 'bosom'), ('large', 'pump'), ('large', 'ticker'), ('large', 'mettle'), ('bad', 'heart'), ('bad', 'bosom'), ('bad', 'pump'), ('bad', 'ticker'), ('bad', 'mettle'), ('prominent', 'heart'), ('prominent', 'bosom'), ('prominent', 'pump'), ('prominent', 'ticker'), ('prominent', 'mettle'), ('heavy', 'heart'), ('heavy', 'bosom'), ('heavy', 'pump'), ('heavy', 'ticker'), ('heavy', 'mettle')]
INFO:ngram result on (big heart,big bosom,big pump,big ticker,big mettle,large heart,large bosom,large pump,large ticker,large mettle,bad heart,bad bosom): , 1.4667677442995833e-07, 4.3570301440828034e-09, 4.6912499070591212e-09, 0.0, 0.0, 6.0644056887326769e-08, 9.3946337376138445e-09, 8.0916966460620188e-09, 0.0, 0.0, 8.3114574778164751e-08, 0.0]
INFO:ngram result on (bad pump,bad ticker,bad mettle,prominent heart,prominent bosom,prominent pump,prominent ticker,prominent mettle,heavy heart,heavy bosom,heavy pump,heavy ticker): , 7.4376388381480751e-10, 0.0, 0.0, 1.9630873963431363e-09, 2.8604018598166192e-09, 0.0, 0.0, 0.0, 3.8467163202919136e-07, 2.5756419774758399e-09, 7.3983543365703974e-10, 0.0]
INFO:ngram result on (heavy mettle): , 0.0]
INFO:25 <-> 25
INFO:big heart
INFO:http://www.google.com/search?hl=en&q=%22a+big+heart%22&num=50&btnG=Google+Search
INFO:score (a big heart): 81,800,000
INFO:http://www.google.com/search?hl=en&q=%22big+heart+but%22&num=50&btnG=Google+Search
INFO:score (big heart but): 1,730,000
INFO:http://www.google.com/search?hl=en&q=%22big+heart%22&num=50&btnG=Google+Search
INFO:score ("big heart"): 7,510,000
INFO:denominator ("big heart"): 7510000.0
INFO:http://www.google.com/search?hl=en&q=%22big+heart%22+%22information+technology%22&num=50&btnG=Google+Search
INFO:score ("big heart" "information technology"): 689,000
INFO:http://www.google.com/search?hl=en&q=%22big+heart%22+%22medical%22&num=50&btnG=Google+Search
INFO:score ("big heart" "medical"): 828,000
INFO:[7510000.0, 689000.0, 828000.0]
INFO:big bosom
INFO:http://www.google.com/search?hl=en&q=%22a+big+bosom%22&num=50&btnG=Google+Search
INFO:score (a big bosom): 5,440,000
INFO:http://www.google.com/search?hl=en&q=%22big+bosom+but%22&num=50&btnG=Google+Search
INFO:score (big bosom but): 14,000
INFO:http://www.google.com/search?hl=en&q=%22big+bosom%22&num=50&btnG=Google+Search
INFO:score ("big bosom"): 198,000
INFO:denominator ("big bosom"): 198000.0
INFO:http://www.google.com/search?hl=en&q=%22big+bosom%22+%22information+technology%22&num=50&btnG=Google+Search
INFO:score ("big bosom" "information technology"): 1,590
INFO:http://www.google.com/search?hl=en&q=%22big+bosom%22+%22medical%22&num=50&btnG=Google+Search
INFO:score ("big bosom" "medical"): 69,000
INFO:[198000.0, 1590.0, 69000.0]
INFO:big pump
INFO:http://www.google.com/search?hl=en&q=%22a+big+pump%22&num=50&btnG=Google+Search
INFO:score (a big pump): 600,000
INFO:http://www.google.com/search?hl=en&q=%22big+pump+but%22&num=50&btnG=Google+Search
INFO:score (big pump but): 204,000
INFO:http://www.google.com/search?hl=en&q=%22big+pump%22&num=50&btnG=Google+Search
INFO:score ("big pump"): 199,000
INFO:denominator ("big pump"): 199000.0
INFO:http://www.google.com/search?hl=en&q=%22big+pump%22+%22information+technology%22&num=50&btnG=Google+Search
INFO:score ("big pump" "information technology"): 4,450
INFO:http://www.google.com/search?hl=en&q=%22big+pump%22+%22medical%22&num=50&btnG=Google+Search
INFO:score ("big pump" "medical"): 92,000
INFO:[199000.0, 4450.0, 92000.0]
INFO:big ticker
INFO:big mettle
INFO:large heart
INFO:http://www.google.com/search?hl=en&q=%22a+large+heart%22&num=50&btnG=Google+Search
INFO:score (a large heart): 4,340,000
INFO:http://www.google.com/search?hl=en&q=%22large+heart+but%22&num=50&btnG=Google+Search
INFO:score (large heart but): 1,130,000
INFO:http://www.google.com/search?hl=en&q=%22large+heart%22&num=50&btnG=Google+Search
INFO:score ("large heart"): 1,040,000
INFO:denominator ("large heart"): 1040000.0
INFO:http://www.google.com/search?hl=en&q=%22large+heart%22+%22information+technology%22&num=50&btnG=Google+Search
INFO:score ("large heart" "information technology"): 4,080
INFO:http://www.google.com/search?hl=en&q=%22large+heart%22+%22medical%22&num=50&btnG=Google+Search
INFO:score ("large heart" "medical"): 3,180,000
INFO:[1040000.0, 4080.0, 3180000.0]
INFO:large bosom
INFO:http://www.google.com/search?hl=en&q=%22a+large+bosom%22&num=50&btnG=Google+Search
INFO:score (a large bosom): 1,590,000
INFO:http://www.google.com/search?hl=en&q=%22large+bosom+but%22&num=50&btnG=Google+Search
INFO:score (large bosom but): 30,700
INFO:http://www.google.com/search?hl=en&q=%22large+bosom%22&num=50&btnG=Google+Search
INFO:score ("large bosom"): 90,600
INFO:denominator ("large bosom"): 90600.0
INFO:http://www.google.com/search?hl=en&q=%22large+bosom%22+%22information+technology%22&num=50&btnG=Google+Search
INFO:score ("large bosom" "information technology"): 906
INFO:http://www.google.com/search?hl=en&q=%22large+bosom%22+%22medical%22&num=50&btnG=Google+Search
INFO:score ("large bosom" "medical"): 32,100
INFO:[90600.0, 906.0, 32100.0]
INFO:large pump
INFO:http://www.google.com/search?hl=en&q=%22a+large+pump%22&num=50&btnG=Google+Search
INFO:score (a large pump): 641,000
INFO:http://www.google.com/search?hl=en&q=%22large+pump+but%22&num=50&btnG=Google+Search
INFO:score (large pump but): 134,000
INFO:http://www.google.com/search?hl=en&q=%22large+pump%22&num=50&btnG=Google+Search
INFO:score ("large pump"): 172,000
INFO:denominator ("large pump"): 172000.0
INFO:http://www.google.com/search?hl=en&q=%22large+pump%22+%22information+technology%22&num=50&btnG=Google+Search
INFO:score ("large pump" "information technology"): 7,100
INFO:http://www.google.com/search?hl=en&q=%22large+pump%22+%22medical%22&num=50&btnG=Google+Search
INFO:score ("large pump" "medical"): 101,000
INFO:[172000.0, 7100.0, 101000.0]
INFO:large ticker
INFO:large mettle
INFO:bad heart
INFO:http://www.google.com/search?hl=en&q=%22a+bad+heart%22&num=50&btnG=Google+Search
INFO:score (a bad heart): 3,660,000
INFO:http://www.google.com/search?hl=en&q=%22bad+heart+but%22&num=50&btnG=Google+Search
INFO:score (bad heart but): 1,450,000
INFO:http://www.google.com/search?hl=en&q=%22bad+heart%22&num=50&btnG=Google+Search
INFO:score ("bad heart"): 644,000
INFO:denominator ("bad heart"): 644000.0
INFO:http://www.google.com/search?hl=en&q=%22bad+heart%22+%22information+technology%22&num=50&btnG=Google+Search
INFO:score ("bad heart" "information technology"): 17,400
INFO:http://www.google.com/search?hl=en&q=%22bad+heart%22+%22medical%22&num=50&btnG=Google+Search
INFO:score ("bad heart" "medical"): 760,000
INFO:[644000.0, 17400.0, 760000.0]
INFO:bad bosom
INFO:bad pump
INFO:http://www.google.com/search?hl=en&q=%22a+bad+pump%22&num=50&btnG=Google+Search
INFO:score (a bad pump): 861,000
INFO:http://www.google.com/search?hl=en&q=%22bad+pump+but%22&num=50&btnG=Google+Search
INFO:score (bad pump but): 478,000
INFO:http://www.google.com/search?hl=en&q=%22bad+pump%22&num=50&btnG=Google+Search
INFO:score ("bad pump"): 123,000
INFO:denominator ("bad pump"): 123000.0
INFO:http://www.google.com/search?hl=en&q=%22bad+pump%22+%22information+technology%22&num=50&btnG=Google+Search
INFO:score ("bad pump" "information technology"): 618
INFO:http://www.google.com/search?hl=en&q=%22bad+pump%22+%22medical%22&num=50&btnG=Google+Search
INFO:score ("bad pump" "medical"): 18,100
INFO:[123000.0, 618.0, 18100.0]
INFO:bad ticker
INFO:bad mettle
INFO:prominent heart
INFO:http://www.google.com/search?hl=en&q=%22a+prominent+heart%22&num=50&btnG=Google+Search
INFO:score (a prominent heart): 255,000
INFO:http://www.google.com/search?hl=en&q=%22prominent+heart+but%22&num=50&btnG=Google+Search
WARNING:No match! .. no google hits? (prominent heart but)
INFO:http://www.google.com/search?hl=en&q=%22prominent+heart%22&num=50&btnG=Google+Search
INFO:score ("prominent heart"): 13,900
INFO:denominator ("prominent heart"): 13900.0
INFO:http://www.google.com/search?hl=en&q=%22prominent+heart%22+%22information+technology%22&num=50&btnG=Google+Search
INFO:score ("prominent heart" "information technology"): 620
INFO:http://www.google.com/search?hl=en&q=%22prominent+heart%22+%22medical%22&num=50&btnG=Google+Search
INFO:score ("prominent heart" "medical"): 21,200
INFO:[13900.0, 620.0, 21200.0]
INFO:prominent bosom
INFO:http://www.google.com/search?hl=en&q=%22a+prominent+bosom%22&num=50&btnG=Google+Search
INFO:score (a prominent bosom): 12,900
INFO:http://www.google.com/search?hl=en&q=%22prominent+bosom+but%22&num=50&btnG=Google+Search
INFO:score (prominent bosom but): 22
INFO:http://www.google.com/search?hl=en&q=%22prominent+bosom%22&num=50&btnG=Google+Search
INFO:score ("prominent bosom"): 6,480
INFO:denominator ("prominent bosom"): 6480.0
INFO:http://www.google.com/search?hl=en&q=%22prominent+bosom%22+%22information+technology%22&num=50&btnG=Google+Search
WARNING:No match! .. no google hits? ("prominent bosom" "information technology")
INFO:http://www.google.com/search?hl=en&q=%22prominent+bosom%22+%22medical%22&num=50&btnG=Google+Search
INFO:score ("prominent bosom" "medical"): 986
INFO:[6480.0, 0.0, 986.0]
INFO:prominent pump
INFO:prominent ticker
INFO:prominent mettle
INFO:heavy heart
INFO:http://www.google.com/search?hl=en&q=%22a+heavy+heart%22&num=50&btnG=Google+Search
INFO:score (a heavy heart): 31,500,000
INFO:http://www.google.com/search?hl=en&q=%22heavy+heart+but%22&num=50&btnG=Google+Search
INFO:score (heavy heart but): 1,480,000
INFO:http://www.google.com/search?hl=en&q=%22heavy+heart%22&num=50&btnG=Google+Search
INFO:score ("heavy heart"): 2,900,000
INFO:denominator ("heavy heart"): 2900000.0
INFO:http://www.google.com/search?hl=en&q=%22heavy+heart%22+%22information+technology%22&num=50&btnG=Google+Search
INFO:score ("heavy heart" "information technology"): 121,000
INFO:http://www.google.com/search?hl=en&q=%22heavy+heart%22+%22medical%22&num=50&btnG=Google+Search
INFO:score ("heavy heart" "medical"): 373,000
INFO:[2900000.0, 121000.0, 373000.0]
INFO:heavy bosom
INFO:http://www.google.com/search?hl=en&q=%22a+heavy+bosom%22&num=50&btnG=Google+Search
INFO:score (a heavy bosom): 80,800
INFO:http://www.google.com/search?hl=en&q=%22heavy+bosom+but%22&num=50&btnG=Google+Search
INFO:score (heavy bosom but): 22
INFO:http://www.google.com/search?hl=en&q=%22heavy+bosom%22&num=50&btnG=Google+Search
INFO:score ("heavy bosom"): 10,500
INFO:denominator ("heavy bosom"): 10500.0
INFO:http://www.google.com/search?hl=en&q=%22heavy+bosom%22+%22information+technology%22&num=50&btnG=Google+Search
WARNING:No match! .. no google hits? ("heavy bosom" "information technology")
INFO:http://www.google.com/search?hl=en&q=%22heavy+bosom%22+%22medical%22&num=50&btnG=Google+Search
INFO:score ("heavy bosom" "medical"): 2,940
INFO:[10500.0, 0.0, 2940.0]
INFO:heavy pump
INFO:http://www.google.com/search?hl=en&q=%22a+heavy+pump%22&num=50&btnG=Google+Search
INFO:score (a heavy pump): 412,000
INFO:http://www.google.com/search?hl=en&q=%22heavy+pump+but%22&num=50&btnG=Google+Search
WARNING:No match! .. no google hits? (heavy pump but)
INFO:http://www.google.com/search?hl=en&q=%22heavy+pump%22&num=50&btnG=Google+Search
INFO:score ("heavy pump"): 95,300
INFO:denominator ("heavy pump"): 95300.0
INFO:http://www.google.com/search?hl=en&q=%22heavy+pump%22+%22information+technology%22&num=50&btnG=Google+Search
INFO:score ("heavy pump" "information technology"): 685
INFO:http://www.google.com/search?hl=en&q=%22heavy+pump%22+%22medical%22&num=50&btnG=Google+Search
INFO:score ("heavy pump" "medical"): 10,800
INFO:[95300.0, 685.0, 10800.0]
INFO:heavy ticker
INFO:heavy mettle
INFO:[('heart', 'but'), ('bosom', 'but'), ('pump', 'but'), ('ticker', 'but'), ('mettle', 'but')]
INFO:ngram result on (heart but,bosom but,pump but,ticker but,mettle but): , 2.0602331100387042e-07, 4.7175723142759791e-09, 1.0429226482422393e-08, 0.0, 4.9316123407194823e-10]
INFO:5 <-> 5
INFO:heart but
INFO:http://www.google.com/search?hl=en&q=%22big+heart+but%22&num=50&btnG=Google+Search
INFO:score (big heart but): 1,730,000
INFO:http://www.google.com/search?hl=en&q=%22heart+but%22&num=50&btnG=Google+Search
INFO:score ("heart but"): 10,800,000
INFO:denominator ("heart but"): 10800000.0
INFO:http://www.google.com/search?hl=en&q=%22heart+but%22+%22information+technology%22&num=50&btnG=Google+Search
INFO:score ("heart but" "information technology"): 981,000
INFO:http://www.google.com/search?hl=en&q=%22heart+but%22+%22medical%22&num=50&btnG=Google+Search
INFO:score ("heart but" "medical"): 1,670,000
INFO:[10800000.0, 981000.0, 1670000.0]
INFO:bosom but
INFO:http://www.google.com/search?hl=en&q=%22big+bosom+but%22&num=50&btnG=Google+Search
INFO:score (big bosom but): 14,000
INFO:http://www.google.com/search?hl=en&q=%22bosom+but%22&num=50&btnG=Google+Search
INFO:score ("bosom but"): 76,700
INFO:denominator ("bosom but"): 76700.0
INFO:http://www.google.com/search?hl=en&q=%22bosom+but%22+%22information+technology%22&num=50&btnG=Google+Search
INFO:score ("bosom but" "information technology"): 666
INFO:http://www.google.com/search?hl=en&q=%22bosom+but%22+%22medical%22&num=50&btnG=Google+Search
INFO:score ("bosom but" "medical"): 56,000
INFO:[76700.0, 666.0, 56000.0]
INFO:pump but
INFO:http://www.google.com/search?hl=en&q=%22big+pump+but%22&num=50&btnG=Google+Search
INFO:score (big pump but): 204,000
INFO:http://www.google.com/search?hl=en&q=%22pump+but%22&num=50&btnG=Google+Search
INFO:score ("pump but"): 1,850,000
INFO:denominator ("pump but"): 1850000.0
INFO:http://www.google.com/search?hl=en&q=%22pump+but%22+%22information+technology%22&num=50&btnG=Google+Search
INFO:score ("pump but" "information technology"): 45,600
INFO:http://www.google.com/search?hl=en&q=%22pump+but%22+%22medical%22&num=50&btnG=Google+Search
INFO:score ("pump but" "medical"): 1,010,000
INFO:[1850000.0, 45600.0, 1010000.0]
INFO:ticker but
INFO:mettle but
INFO:http://www.google.com/search?hl=en&q=%22big+mettle+but%22&num=50&btnG=Google+Search
WARNING:No match! .. no google hits? (big mettle but)
INFO:[('a', 'large'), ('a', 'big'), ('a', 'bombastic'), ('a', 'declamatory'), ('a', 'orotund')]
INFO:ngram result on (a large,a big,a bombastic,a declamatory,a orotund): , 9.267984811837475e-05, 3.3155881586329393e-05, 2.5733084108026105e-08, 1.9178792035982422e-08, 0.0]
INFO:5 <-> 5
INFO:a large
INFO:http://www.google.com/search?hl=en&q=%22a+large+heart%22&num=50&btnG=Google+Search
INFO:score (a large heart): 4,340,000
INFO:http://www.google.com/search?hl=en&q=%22a+large%22&num=50&btnG=Google+Search
INFO:score ("a large"): 719,000,000
INFO:denominator ("a large"): 719000000.0
INFO:http://www.google.com/search?hl=en&q=%22a+large%22+%22information+technology%22&num=50&btnG=Google+Search
INFO:score ("a large" "information technology"): 35,500,000
INFO:http://www.google.com/search?hl=en&q=%22a+large%22+%22medical%22&num=50&btnG=Google+Search
INFO:score ("a large" "medical"): 290,000,000
INFO:[719000000.0, 35500000.0, 290000000.0]
INFO:a big
INFO:http://www.google.com/search?hl=en&q=%22a+big+heart%22&num=50&btnG=Google+Search
INFO:score (a big heart): 63,900,000
INFO:http://www.google.com/search?hl=en&q=%22a+big%22&num=50&btnG=Google+Search
INFO:score ("a big"): 784,000,000
INFO:denominator ("a big"): 784000000.0
INFO:http://www.google.com/search?hl=en&q=%22a+big%22+%22information+technology%22&num=50&btnG=Google+Search
INFO:score ("a big" "information technology"): 9,630,000
INFO:http://www.google.com/search?hl=en&q=%22a+big%22+%22medical%22&num=50&btnG=Google+Search
INFO:score ("a big" "medical"): 232,000,000
INFO:[784000000.0, 9630000.0, 232000000.0]
INFO:a bombastic
INFO:http://www.google.com/search?hl=en&q=%22a+bombastic+heart%22&num=50&btnG=Google+Search
WARNING:No match! .. no google hits? (a bombastic heart)
INFO:[('large', 'heart'), ('large', 'bosom'), ('large', 'pump'), ('large', 'ticker'), ('large', 'mettle'), ('big', 'heart'), ('big', 'bosom'), ('big', 'pump'), ('big', 'ticker'), ('big', 'mettle'), ('bombastic', 'heart'), ('bombastic', 'bosom'), ('bombastic', 'pump'), ('bombastic', 'ticker'), ('bombastic', 'mettle'), ('declamatory', 'heart'), ('declamatory', 'bosom'), ('declamatory', 'pump'), ('declamatory', 'ticker'), ('declamatory', 'mettle'), ('orotund', 'heart'), ('orotund', 'bosom'), ('orotund', 'pump'), ('orotund', 'ticker'), ('orotund', 'mettle')]
INFO:ngram result on (large heart,large bosom,large pump,large ticker,large mettle,big heart,big bosom,big pump,big ticker,big mettle,bombastic heart,bombastic bosom): , 6.0644056887326769e-08, 9.3946337376138445e-09, 8.0916966460620188e-09, 0.0, 0.0, 1.4667677442995833e-07, 4.3570301440828034e-09, 4.6912499070591212e-09, 0.0, 0.0, 0.0, 0.0]
INFO:ngram result on (bombastic pump,bombastic ticker,bombastic mettle,declamatory heart,declamatory bosom,declamatory pump,declamatory ticker,declamatory mettle,orotund heart): , 0.0, 0.0, 0.0, 0.0, 0.0, 0.0, 0.0, 0.0, 0.0]
INFO:ngram result on (orotund bosom,orotund pump,orotund ticker,orotund mettle): , 0.0, 0.0, 0.0, 0.0]
INFO:25 <-> 25
INFO:large heart
INFO:http://www.google.com/search?hl=en&q=%22a+large+heart%22&num=50&btnG=Google+Search
INFO:score (a large heart): 4,340,000
INFO:http://www.google.com/search?hl=en&q=%22large+heart+Steve%22&num=50&btnG=Google+Search
WARNING:No match! .. no google hits? (large heart Steve)
INFO:http://www.google.com/search?hl=en&q=%22large+heart%22&num=50&btnG=Google+Search
INFO:score ("large heart"): 1,040,000
INFO:denominator ("large heart"): 1040000.0
INFO:http://www.google.com/search?hl=en&q=%22large+heart%22+%22information+technology%22&num=50&btnG=Google+Search
INFO:score ("large heart" "information technology"): 4,080
INFO:http://www.google.com/search?hl=en&q=%22large+heart%22+%22medical%22&num=50&btnG=Google+Search
INFO:score ("large heart" "medical"): 3,180,000
INFO:[1040000.0, 4080.0, 3180000.0]
INFO:large bosom
INFO:http://www.google.com/search?hl=en&q=%22a+large+bosom%22&num=50&btnG=Google+Search
INFO:score (a large bosom): 1,590,000
INFO:http://www.google.com/search?hl=en&q=%22large+bosom+Steve%22&num=50&btnG=Google+Search
WARNING:No google hits! (large bosom Steve)
INFO:http://www.google.com/search?hl=en&q=%22large+bosom%22&num=50&btnG=Google+Search
INFO:score ("large bosom"): 90,600
INFO:denominator ("large bosom"): 90600.0
INFO:http://www.google.com/search?hl=en&q=%22large+bosom%22+%22information+technology%22&num=50&btnG=Google+Search
INFO:score ("large bosom" "information technology"): 897
INFO:http://www.google.com/search?hl=en&q=%22large+bosom%22+%22medical%22&num=50&btnG=Google+Search
INFO:score ("large bosom" "medical"): 32,100
INFO:[90600.0, 897.0, 32100.0]
INFO:large pump
INFO:http://www.google.com/search?hl=en&q=%22a+large+pump%22&num=50&btnG=Google+Search
INFO:score (a large pump): 641,000
INFO:http://www.google.com/search?hl=en&q=%22large+pump+Steve%22&num=50&btnG=Google+Search
WARNING:No match! .. no google hits? (large pump Steve)
INFO:http://www.google.com/search?hl=en&q=%22large+pump%22&num=50&btnG=Google+Search
INFO:score ("large pump"): 172,000
INFO:denominator ("large pump"): 172000.0
INFO:http://www.google.com/search?hl=en&q=%22large+pump%22+%22information+technology%22&num=50&btnG=Google+Search
INFO:score ("large pump" "information technology"): 7,070
INFO:http://www.google.com/search?hl=en&q=%22large+pump%22+%22medical%22&num=50&btnG=Google+Search
INFO:score ("large pump" "medical"): 24,900
INFO:[172000.0, 7070.0, 24900.0]
INFO:large ticker
INFO:large mettle
INFO:big heart
INFO:http://www.google.com/search?hl=en&q=%22a+big+heart%22&num=50&btnG=Google+Search
INFO:score (a big heart): 63,900,000
INFO:http://www.google.com/search?hl=en&q=%22big+heart+Steve%22&num=50&btnG=Google+Search
INFO:score (big heart Steve): 24,400
INFO:http://www.google.com/search?hl=en&q=%22big+heart%22&num=50&btnG=Google+Search
INFO:score ("big heart"): 7,510,000
INFO:denominator ("big heart"): 7510000.0
INFO:http://www.google.com/search?hl=en&q=%22big+heart%22+%22information+technology%22&num=50&btnG=Google+Search
INFO:score ("big heart" "information technology"): 690,000
INFO:http://www.google.com/search?hl=en&q=%22big+heart%22+%22medical%22&num=50&btnG=Google+Search
INFO:score ("big heart" "medical"): 818,000
INFO:[7510000.0, 690000.0, 818000.0]
INFO:big bosom
INFO:http://www.google.com/search?hl=en&q=%22a+big+bosom%22&num=50&btnG=Google+Search
INFO:score (a big bosom): 5,440,000
INFO:http://www.google.com/search?hl=en&q=%22big+bosom+Steve%22&num=50&btnG=Google+Search
WARNING:No google hits! (big bosom Steve)
INFO:http://www.google.com/search?hl=en&q=%22big+bosom%22&num=50&btnG=Google+Search
INFO:score ("big bosom"): 195,000
INFO:denominator ("big bosom"): 195000.0
INFO:http://www.google.com/search?hl=en&q=%22big+bosom%22+%22information+technology%22&num=50&btnG=Google+Search
INFO:score ("big bosom" "information technology"): 1,590
INFO:http://www.google.com/search?hl=en&q=%22big+bosom%22+%22medical%22&num=50&btnG=Google+Search
INFO:score ("big bosom" "medical"): 68,800
INFO:[195000.0, 1590.0, 68800.0]
INFO:big pump
INFO:http://www.google.com/search?hl=en&q=%22a+big+pump%22&num=50&btnG=Google+Search
INFO:score (a big pump): 600,000
INFO:http://www.google.com/search?hl=en&q=%22big+pump+Steve%22&num=50&btnG=Google+Search
WARNING:No match! .. no google hits? (big pump Steve)
INFO:http://www.google.com/search?hl=en&q=%22big+pump%22&num=50&btnG=Google+Search
INFO:score ("big pump"): 199,000
INFO:denominator ("big pump"): 199000.0
INFO:http://www.google.com/search?hl=en&q=%22big+pump%22+%22information+technology%22&num=50&btnG=Google+Search
INFO:score ("big pump" "information technology"): 4,450
INFO:http://www.google.com/search?hl=en&q=%22big+pump%22+%22medical%22&num=50&btnG=Google+Search
INFO:score ("big pump" "medical"): 92,000
INFO:[199000.0, 4450.0, 92000.0]
INFO:big ticker
INFO:big mettle
INFO:bombastic heart
INFO:bombastic bosom
INFO:bombastic pump
INFO:bombastic ticker
INFO:bombastic mettle
INFO:declamatory heart
INFO:declamatory bosom
INFO:declamatory pump
INFO:declamatory ticker
INFO:declamatory mettle
INFO:orotund heart
INFO:orotund bosom
INFO:orotund pump
INFO:orotund ticker
INFO:orotund mettle
INFO:[('heart', 'Steve'), ('bosom', 'Steve'), ('pump', 'Steve'), ('ticker', 'Steve'), ('mettle', 'Steve')]
INFO:ngram result on (heart Steve,bosom Steve,pump Steve,ticker Steve,mettle Steve): , 0.0, 0.0, 0.0, 0.0, 0.0]
INFO:5 <-> 5
INFO:heart Steve
INFO:bosom Steve
INFO:pump Steve
INFO:ticker Steve
INFO:mettle Steve
INFO:[('a', 'large'), ('a', 'big'), ('a', 'bombastic'), ('a', 'declamatory'), ('a', 'orotund')]
INFO:ngram result on (a large,a big,a bombastic,a declamatory,a orotund): , 9.267984811837475e-05, 3.3155881586329393e-05, 2.5733084108026105e-08, 1.9178792035982422e-08, 0.0]
INFO:5 <-> 5
INFO:a large
INFO:http://www.google.com/search?hl=en&q=%22a+large+heart%22&num=50&btnG=Google+Search
INFO:score (a large heart): 4,340,000
INFO:http://www.google.com/search?hl=en&q=%22a+large%22&num=50&btnG=Google+Search
INFO:score ("a large"): 719,000,000
INFO:denominator ("a large"): 719000000.0
INFO:http://www.google.com/search?hl=en&q=%22a+large%22+%22information+technology%22&num=50&btnG=Google+Search
INFO:score ("a large" "information technology"): 35,500,000
INFO:http://www.google.com/search?hl=en&q=%22a+large%22+%22medical%22&num=50&btnG=Google+Search
INFO:score ("a large" "medical"): 290,000,000
INFO:[719000000.0, 35500000.0, 290000000.0]
INFO:a big
INFO:http://www.google.com/search?hl=en&q=%22a+big+heart%22&num=50&btnG=Google+Search
INFO:score (a big heart): 63,900,000
INFO:http://www.google.com/search?hl=en&q=%22a+big%22&num=50&btnG=Google+Search
INFO:score ("a big"): 784,000,000
INFO:denominator ("a big"): 784000000.0
INFO:http://www.google.com/search?hl=en&q=%22a+big%22+%22information+technology%22&num=50&btnG=Google+Search
INFO:score ("a big" "information technology"): 9,650,000
INFO:http://www.google.com/search?hl=en&q=%22a+big%22+%22medical%22&num=50&btnG=Google+Search
INFO:score ("a big" "medical"): 232,000,000
INFO:[784000000.0, 9650000.0, 232000000.0]
INFO:a bombastic
INFO:http://www.google.com/search?hl=en&q=%22a+bombastic+heart%22&num=50&btnG=Google+Search
WARNING:No match! .. no google hits? (a bombastic heart)
INFO:[('large', 'heart'), ('large', 'bosom'), ('large', 'pump'), ('large', 'ticker'), ('large', 'mettle'), ('big', 'heart'), ('big', 'bosom'), ('big', 'pump'), ('big', 'ticker'), ('big', 'mettle'), ('bombastic', 'heart'), ('bombastic', 'bosom'), ('bombastic', 'pump'), ('bombastic', 'ticker'), ('bombastic', 'mettle'), ('declamatory', 'heart'), ('declamatory', 'bosom'), ('declamatory', 'pump'), ('declamatory', 'ticker'), ('declamatory', 'mettle'), ('orotund', 'heart'), ('orotund', 'bosom'), ('orotund', 'pump'), ('orotund', 'ticker'), ('orotund', 'mettle')]
INFO:ngram result on (large heart,large bosom,large pump,large ticker,large mettle,big heart,big bosom,big pump,big ticker,big mettle,bombastic heart,bombastic bosom): , 6.0644056887326769e-08, 9.3946337376138445e-09, 8.0916966460620188e-09, 0.0, 0.0, 1.4667677442995833e-07, 4.3570301440828034e-09, 4.6912499070591212e-09, 0.0, 0.0, 0.0, 0.0]
INFO:ngram result on (bombastic pump,bombastic ticker,bombastic mettle,declamatory heart,declamatory bosom,declamatory pump,declamatory ticker,declamatory mettle,orotund heart): , 0.0, 0.0, 0.0, 0.0, 0.0, 0.0, 0.0, 0.0, 0.0]
INFO:ngram result on (orotund bosom,orotund pump,orotund ticker,orotund mettle): , 0.0, 0.0, 0.0, 0.0]
INFO:25 <-> 25
INFO:large heart
INFO:http://www.google.com/search?hl=en&q=%22a+large+heart%22&num=50&btnG=Google+Search
INFO:score (a large heart): 4,340,000
INFO:http://www.google.com/search?hl=en&q=%22large+heart+and%22&num=50&btnG=Google+Search
INFO:score (large heart and): 1,740,000
INFO:http://www.google.com/search?hl=en&q=%22large+heart%22&num=50&btnG=Google+Search
INFO:score ("large heart"): 1,040,000
INFO:denominator ("large heart"): 1040000.0
INFO:http://www.google.com/search?hl=en&q=%22large+heart%22+%22information+technology%22&num=50&btnG=Google+Search
INFO:score ("large heart" "information technology"): 4,080
INFO:http://www.google.com/search?hl=en&q=%22large+heart%22+%22medical%22&num=50&btnG=Google+Search
INFO:score ("large heart" "medical"): 3,180,000
INFO:[1040000.0, 4080.0, 3180000.0]
INFO:large bosom
INFO:http://www.google.com/search?hl=en&q=%22a+large+bosom%22&num=50&btnG=Google+Search
INFO:score (a large bosom): 1,590,000
INFO:http://www.google.com/search?hl=en&q=%22large+bosom+and%22&num=50&btnG=Google+Search
INFO:score (large bosom and): 456,000
INFO:http://www.google.com/search?hl=en&q=%22large+bosom%22&num=50&btnG=Google+Search
INFO:score ("large bosom"): 90,700
INFO:denominator ("large bosom"): 90700.0
INFO:http://www.google.com/search?hl=en&q=%22large+bosom%22+%22information+technology%22&num=50&btnG=Google+Search
INFO:score ("large bosom" "information technology"): 897
INFO:http://www.google.com/search?hl=en&q=%22large+bosom%22+%22medical%22&num=50&btnG=Google+Search
INFO:score ("large bosom" "medical"): 32,200
INFO:[90700.0, 897.0, 32200.0]
INFO:large pump
INFO:http://www.google.com/search?hl=en&q=%22a+large+pump%22&num=50&btnG=Google+Search
INFO:score (a large pump): 641,000
INFO:http://www.google.com/search?hl=en&q=%22large+pump+and%22&num=50&btnG=Google+Search
INFO:score (large pump and): 1,560,000
INFO:http://www.google.com/search?hl=en&q=%22large+pump%22&num=50&btnG=Google+Search
INFO:score ("large pump"): 172,000
INFO:denominator ("large pump"): 172000.0
INFO:http://www.google.com/search?hl=en&q=%22large+pump%22+%22information+technology%22&num=50&btnG=Google+Search
INFO:score ("large pump" "information technology"): 7,100
INFO:http://www.google.com/search?hl=en&q=%22large+pump%22+%22medical%22&num=50&btnG=Google+Search
INFO:score ("large pump" "medical"): 101,000
INFO:[172000.0, 7100.0, 101000.0]
INFO:large ticker
INFO:large mettle
INFO:big heart
INFO:http://www.google.com/search?hl=en&q=%22a+big+heart%22&num=50&btnG=Google+Search
INFO:score (a big heart): 81,800,000
INFO:http://www.google.com/search?hl=en&q=%22big+heart+and%22&num=50&btnG=Google+Search
INFO:score (big heart and): 21,700,000
INFO:http://www.google.com/search?hl=en&q=%22big+heart%22&num=50&btnG=Google+Search
INFO:score ("big heart"): 7,510,000
INFO:denominator ("big heart"): 7510000.0
INFO:http://www.google.com/search?hl=en&q=%22big+heart%22+%22information+technology%22&num=50&btnG=Google+Search
INFO:score ("big heart" "information technology"): 689,000
INFO:http://www.google.com/search?hl=en&q=%22big+heart%22+%22medical%22&num=50&btnG=Google+Search
INFO:score ("big heart" "medical"): 828,000
INFO:[7510000.0, 689000.0, 828000.0]
INFO:big bosom
INFO:http://www.google.com/search?hl=en&q=%22a+big+bosom%22&num=50&btnG=Google+Search
INFO:score (a big bosom): 5,440,000
INFO:http://www.google.com/search?hl=en&q=%22big+bosom+and%22&num=50&btnG=Google+Search
INFO:score (big bosom and): 194,000
INFO:http://www.google.com/search?hl=en&q=%22big+bosom%22&num=50&btnG=Google+Search
INFO:score ("big bosom"): 198,000
INFO:denominator ("big bosom"): 198000.0
INFO:http://www.google.com/search?hl=en&q=%22big+bosom%22+%22information+technology%22&num=50&btnG=Google+Search
INFO:score ("big bosom" "information technology"): 1,590
INFO:http://www.google.com/search?hl=en&q=%22big+bosom%22+%22medical%22&num=50&btnG=Google+Search
INFO:score ("big bosom" "medical"): 69,000
INFO:[198000.0, 1590.0, 69000.0]
INFO:big pump
INFO:http://www.google.com/search?hl=en&q=%22a+big+pump%22&num=50&btnG=Google+Search
INFO:score (a big pump): 600,000
INFO:http://www.google.com/search?hl=en&q=%22big+pump+and%22&num=50&btnG=Google+Search
INFO:score (big pump and): 1,850,000
INFO:http://www.google.com/search?hl=en&q=%22big+pump%22&num=50&btnG=Google+Search
INFO:score ("big pump"): 199,000
INFO:denominator ("big pump"): 199000.0
INFO:http://www.google.com/search?hl=en&q=%22big+pump%22+%22information+technology%22&num=50&btnG=Google+Search
INFO:score ("big pump" "information technology"): 4,450
INFO:http://www.google.com/search?hl=en&q=%22big+pump%22+%22medical%22&num=50&btnG=Google+Search
INFO:score ("big pump" "medical"): 92,000
INFO:[199000.0, 4450.0, 92000.0]
INFO:big ticker
INFO:big mettle
INFO:bombastic heart
INFO:bombastic bosom
INFO:bombastic pump
INFO:bombastic ticker
INFO:bombastic mettle
INFO:declamatory heart
INFO:declamatory bosom
INFO:declamatory pump
INFO:declamatory ticker
INFO:declamatory mettle
INFO:orotund heart
INFO:orotund bosom
INFO:orotund pump
INFO:orotund ticker
INFO:orotund mettle
INFO:[('heart', 'and'), ('bosom', 'and'), ('pump', 'and'), ('ticker', 'and'), ('mettle', 'and')]
INFO:ngram result on (heart and,bosom and,pump and,ticker and,mettle and): , 1.0151250080525642e-05, 2.6145034581759319e-07, 6.9060431921267684e-07, 1.1286746648409007e-08, 4.1123167685933972e-08]
INFO:5 <-> 5
INFO:heart and
INFO:http://www.google.com/search?hl=en&q=%22large+heart+and%22&num=50&btnG=Google+Search
INFO:score (large heart and): 1,740,000
INFO:http://www.google.com/search?hl=en&q=%22heart+and%22&num=50&btnG=Google+Search
INFO:score ("heart and"): 135,000,000
INFO:denominator ("heart and"): 135000000.0
INFO:http://www.google.com/search?hl=en&q=%22heart+and%22+%22information+technology%22&num=50&btnG=Google+Search
INFO:score ("heart and" "information technology"): 1,840,000
INFO:http://www.google.com/search?hl=en&q=%22heart+and%22+%22medical%22&num=50&btnG=Google+Search
INFO:score ("heart and" "medical"): 47,000,000
INFO:[135000000.0, 1840000.0, 47000000.0]
INFO:bosom and
INFO:http://www.google.com/search?hl=en&q=%22large+bosom+and%22&num=50&btnG=Google+Search
INFO:score (large bosom and): 456,000
INFO:http://www.google.com/search?hl=en&q=%22bosom+and%22&num=50&btnG=Google+Search
INFO:score ("bosom and"): 972,000
INFO:denominator ("bosom and"): 972000.0
INFO:http://www.google.com/search?hl=en&q=%22bosom+and%22+%22information+technology%22&num=50&btnG=Google+Search
INFO:score ("bosom and" "information technology"): 24,900
INFO:http://www.google.com/search?hl=en&q=%22bosom+and%22+%22medical%22&num=50&btnG=Google+Search
INFO:score ("bosom and" "medical"): 754,000
INFO:[972000.0, 24900.0, 754000.0]
INFO:pump and
INFO:http://www.google.com/search?hl=en&q=%22large+pump+and%22&num=50&btnG=Google+Search
INFO:score (large pump and): 1,560,000
INFO:http://www.google.com/search?hl=en&q=%22pump+and%22&num=50&btnG=Google+Search
INFO:score ("pump and"): 27,700,000
INFO:denominator ("pump and"): 27700000.0
INFO:http://www.google.com/search?hl=en&q=%22pump+and%22+%22information+technology%22&num=50&btnG=Google+Search
INFO:score ("pump and" "information technology"): 6,880,000
INFO:http://www.google.com/search?hl=en&q=%22pump+and%22+%22medical%22&num=50&btnG=Google+Search
INFO:score ("pump and" "medical"): 7,470,000
INFO:[27700000.0, 6880000.0, 7470000.0]
INFO:ticker and
INFO:http://www.google.com/search?hl=en&q=%22large+ticker+and%22&num=50&btnG=Google+Search
WARNING:No match! .. no google hits? (large ticker and)
INFO:[('a', 'big'), ('a', 'large'), ('a', 'bad'), ('a', 'prominent'), ('a', 'heavy')]
INFO:ngram result on (a big,a large,a bad,a prominent,a heavy): , 3.3155881586329393e-05, 9.267984811837475e-05, 1.6342193096837338e-05, 5.5709695061523234e-06, 1.0263775341930645e-05]
INFO:5 <-> 5
INFO:a big
INFO:http://www.google.com/search?hl=en&q=%22a+big+heart%22&num=50&btnG=Google+Search
INFO:score (a big heart): 81,800,000
INFO:http://www.google.com/search?hl=en&q=%22a+big%22&num=50&btnG=Google+Search
INFO:score ("a big"): 784,000,000
INFO:denominator ("a big"): 784000000.0
INFO:http://www.google.com/search?hl=en&q=%22a+big%22+%22information+technology%22&num=50&btnG=Google+Search
INFO:score ("a big" "information technology"): 9,630,000
INFO:http://www.google.com/search?hl=en&q=%22a+big%22+%22medical%22&num=50&btnG=Google+Search
INFO:score ("a big" "medical"): 225,000,000
INFO:[784000000.0, 9630000.0, 225000000.0]
INFO:a large
INFO:http://www.google.com/search?hl=en&q=%22a+large+heart%22&num=50&btnG=Google+Search
INFO:score (a large heart): 4,340,000
INFO:http://www.google.com/search?hl=en&q=%22a+large%22&num=50&btnG=Google+Search
INFO:score ("a large"): 719,000,000
INFO:denominator ("a large"): 719000000.0
INFO:http://www.google.com/search?hl=en&q=%22a+large%22+%22information+technology%22&num=50&btnG=Google+Search
INFO:score ("a large" "information technology"): 35,700,000
INFO:http://www.google.com/search?hl=en&q=%22a+large%22+%22medical%22&num=50&btnG=Google+Search
INFO:score ("a large" "medical"): 290,000,000
INFO:[719000000.0, 35700000.0, 290000000.0]
INFO:a bad
INFO:http://www.google.com/search?hl=en&q=%22a+bad+heart%22&num=50&btnG=Google+Search
INFO:score (a bad heart): 3,660,000
INFO:http://www.google.com/search?hl=en&q=%22a+bad%22&num=50&btnG=Google+Search
INFO:score ("a bad"): 309,000,000
INFO:denominator ("a bad"): 309000000.0
INFO:http://www.google.com/search?hl=en&q=%22a+bad%22+%22information+technology%22&num=50&btnG=Google+Search
INFO:score ("a bad" "information technology"): 2,930,000
INFO:http://www.google.com/search?hl=en&q=%22a+bad%22+%22medical%22&num=50&btnG=Google+Search
INFO:score ("a bad" "medical"): 80,600,000
INFO:[309000000.0, 2930000.0, 80600000.0]
INFO:a prominent
INFO:http://www.google.com/search?hl=en&q=%22a+prominent+heart%22&num=50&btnG=Google+Search
INFO:score (a prominent heart): 255,000
INFO:http://www.google.com/search?hl=en&q=%22a+prominent%22&num=50&btnG=Google+Search
INFO:score ("a prominent"): 40,400,000
INFO:denominator ("a prominent"): 40400000.0
INFO:http://www.google.com/search?hl=en&q=%22a+prominent%22+%22information+technology%22&num=50&btnG=Google+Search
INFO:score ("a prominent" "information technology"): 2,940,000
INFO:http://www.google.com/search?hl=en&q=%22a+prominent%22+%22medical%22&num=50&btnG=Google+Search
INFO:score ("a prominent" "medical"): 19,200,000
INFO:[40400000.0, 2940000.0, 19200000.0]
INFO:a heavy
INFO:http://www.google.com/search?hl=en&q=%22a+heavy+heart%22&num=50&btnG=Google+Search
INFO:score (a heavy heart): 31,500,000
INFO:http://www.google.com/search?hl=en&q=%22a+heavy%22&num=50&btnG=Google+Search
INFO:score ("a heavy"): 77,800,000
INFO:denominator ("a heavy"): 77800000.0
INFO:http://www.google.com/search?hl=en&q=%22a+heavy%22+%22information+technology%22&num=50&btnG=Google+Search
INFO:score ("a heavy" "information technology"): 2,120,000
INFO:http://www.google.com/search?hl=en&q=%22a+heavy%22+%22medical%22&num=50&btnG=Google+Search
INFO:score ("a heavy" "medical"): 25,900,000
INFO:[77800000.0, 2120000.0, 25900000.0]
INFO:[('big', 'heart'), ('big', 'bosom'), ('big', 'pump'), ('big', 'ticker'), ('big', 'mettle'), ('large', 'heart'), ('large', 'bosom'), ('large', 'pump'), ('large', 'ticker'), ('large', 'mettle'), ('bad', 'heart'), ('bad', 'bosom'), ('bad', 'pump'), ('bad', 'ticker'), ('bad', 'mettle'), ('prominent', 'heart'), ('prominent', 'bosom'), ('prominent', 'pump'), ('prominent', 'ticker'), ('prominent', 'mettle'), ('heavy', 'heart'), ('heavy', 'bosom'), ('heavy', 'pump'), ('heavy', 'ticker'), ('heavy', 'mettle')]
INFO:ngram result on (big heart,big bosom,big pump,big ticker,big mettle,large heart,large bosom,large pump,large ticker,large mettle,bad heart,bad bosom): , 1.4667677442995833e-07, 4.3570301440828034e-09, 4.6912499070591212e-09, 0.0, 0.0, 6.0644056887326769e-08, 9.3946337376138445e-09, 8.0916966460620188e-09, 0.0, 0.0, 8.3114574778164751e-08, 0.0]
INFO:ngram result on (bad pump,bad ticker,bad mettle,prominent heart,prominent bosom,prominent pump,prominent ticker,prominent mettle,heavy heart,heavy bosom,heavy pump,heavy ticker): , 7.4376388381480751e-10, 0.0, 0.0, 1.9630873963431363e-09, 2.8604018598166192e-09, 0.0, 0.0, 0.0, 3.8467163202919136e-07, 2.5756419774758399e-09, 7.3983543365703974e-10, 0.0]
INFO:ngram result on (heavy mettle): , 0.0]
INFO:25 <-> 25
INFO:big heart
INFO:http://www.google.com/search?hl=en&q=%22a+big+heart%22&num=50&btnG=Google+Search
INFO:score (a big heart): 81,800,000
INFO:http://www.google.com/search?hl=en&q=%22big+heart+that%22&num=50&btnG=Google+Search
INFO:score (big heart that): 2,290,000
INFO:http://www.google.com/search?hl=en&q=%22big+heart%22&num=50&btnG=Google+Search
INFO:score ("big heart"): 7,510,000
INFO:denominator ("big heart"): 7510000.0
INFO:http://www.google.com/search?hl=en&q=%22big+heart%22+%22information+technology%22&num=50&btnG=Google+Search
INFO:score ("big heart" "information technology"): 689,000
INFO:http://www.google.com/search?hl=en&q=%22big+heart%22+%22medical%22&num=50&btnG=Google+Search
INFO:score ("big heart" "medical"): 828,000
INFO:[7510000.0, 689000.0, 828000.0]
INFO:big bosom
INFO:http://www.google.com/search?hl=en&q=%22a+big+bosom%22&num=50&btnG=Google+Search
INFO:score (a big bosom): 5,440,000
INFO:http://www.google.com/search?hl=en&q=%22big+bosom+that%22&num=50&btnG=Google+Search
INFO:score (big bosom that): 443,000
INFO:http://www.google.com/search?hl=en&q=%22big+bosom%22&num=50&btnG=Google+Search
INFO:score ("big bosom"): 198,000
INFO:denominator ("big bosom"): 198000.0
INFO:http://www.google.com/search?hl=en&q=%22big+bosom%22+%22information+technology%22&num=50&btnG=Google+Search
INFO:score ("big bosom" "information technology"): 1,590
INFO:http://www.google.com/search?hl=en&q=%22big+bosom%22+%22medical%22&num=50&btnG=Google+Search
INFO:score ("big bosom" "medical"): 68,800
INFO:[198000.0, 1590.0, 68800.0]
INFO:big pump
INFO:http://www.google.com/search?hl=en&q=%22a+big+pump%22&num=50&btnG=Google+Search
INFO:score (a big pump): 600,000
INFO:http://www.google.com/search?hl=en&q=%22big+pump+that%22&num=50&btnG=Google+Search
INFO:score (big pump that): 410,000
INFO:http://www.google.com/search?hl=en&q=%22big+pump%22&num=50&btnG=Google+Search
INFO:score ("big pump"): 199,000
INFO:denominator ("big pump"): 199000.0
INFO:http://www.google.com/search?hl=en&q=%22big+pump%22+%22information+technology%22&num=50&btnG=Google+Search
INFO:score ("big pump" "information technology"): 4,450
INFO:http://www.google.com/search?hl=en&q=%22big+pump%22+%22medical%22&num=50&btnG=Google+Search
INFO:score ("big pump" "medical"): 92,000
INFO:[199000.0, 4450.0, 92000.0]
INFO:big ticker
INFO:big mettle
INFO:large heart
INFO:http://www.google.com/search?hl=en&q=%22a+large+heart%22&num=50&btnG=Google+Search
INFO:score (a large heart): 4,340,000
INFO:http://www.google.com/search?hl=en&q=%22large+heart+that%22&num=50&btnG=Google+Search
INFO:score (large heart that): 3,030,000
INFO:http://www.google.com/search?hl=en&q=%22large+heart%22&num=50&btnG=Google+Search
INFO:score ("large heart"): 1,040,000
INFO:denominator ("large heart"): 1040000.0
INFO:http://www.google.com/search?hl=en&q=%22large+heart%22+%22information+technology%22&num=50&btnG=Google+Search
INFO:score ("large heart" "information technology"): 4,080
INFO:http://www.google.com/search?hl=en&q=%22large+heart%22+%22medical%22&num=50&btnG=Google+Search
INFO:score ("large heart" "medical"): 3,180,000
INFO:[1040000.0, 4080.0, 3180000.0]
INFO:large bosom
INFO:http://www.google.com/search?hl=en&q=%22a+large+bosom%22&num=50&btnG=Google+Search
INFO:score (a large bosom): 1,590,000
INFO:http://www.google.com/search?hl=en&q=%22large+bosom+that%22&num=50&btnG=Google+Search
INFO:score (large bosom that): 104,000
INFO:http://www.google.com/search?hl=en&q=%22large+bosom%22&num=50&btnG=Google+Search
INFO:score ("large bosom"): 90,600
INFO:denominator ("large bosom"): 90600.0
INFO:http://www.google.com/search?hl=en&q=%22large+bosom%22+%22information+technology%22&num=50&btnG=Google+Search
INFO:score ("large bosom" "information technology"): 906
INFO:http://www.google.com/search?hl=en&q=%22large+bosom%22+%22medical%22&num=50&btnG=Google+Search
INFO:score ("large bosom" "medical"): 32,200
INFO:[90600.0, 906.0, 32200.0]
INFO:large pump
INFO:http://www.google.com/search?hl=en&q=%22a+large+pump%22&num=50&btnG=Google+Search
INFO:score (a large pump): 641,000
INFO:http://www.google.com/search?hl=en&q=%22large+pump+that%22&num=50&btnG=Google+Search
INFO:score (large pump that): 646,000
INFO:http://www.google.com/search?hl=en&q=%22large+pump%22&num=50&btnG=Google+Search
INFO:score ("large pump"): 172,000
INFO:denominator ("large pump"): 172000.0
INFO:http://www.google.com/search?hl=en&q=%22large+pump%22+%22information+technology%22&num=50&btnG=Google+Search
INFO:score ("large pump" "information technology"): 7,100
INFO:http://www.google.com/search?hl=en&q=%22large+pump%22+%22medical%22&num=50&btnG=Google+Search
INFO:score ("large pump" "medical"): 101,000
INFO:[172000.0, 7100.0, 101000.0]
INFO:large ticker
INFO:large mettle
INFO:bad heart
INFO:http://www.google.com/search?hl=en&q=%22a+bad+heart%22&num=50&btnG=Google+Search
INFO:score (a bad heart): 3,660,000
INFO:http://www.google.com/search?hl=en&q=%22bad+heart+that%22&num=50&btnG=Google+Search
INFO:score (bad heart that): 1,560,000
INFO:http://www.google.com/search?hl=en&q=%22bad+heart%22&num=50&btnG=Google+Search
INFO:score ("bad heart"): 644,000
INFO:denominator ("bad heart"): 644000.0
INFO:http://www.google.com/search?hl=en&q=%22bad+heart%22+%22information+technology%22&num=50&btnG=Google+Search
INFO:score ("bad heart" "information technology"): 17,400
INFO:http://www.google.com/search?hl=en&q=%22bad+heart%22+%22medical%22&num=50&btnG=Google+Search
INFO:score ("bad heart" "medical"): 760,000
INFO:[644000.0, 17400.0, 760000.0]
INFO:bad bosom
INFO:bad pump
INFO:http://www.google.com/search?hl=en&q=%22a+bad+pump%22&num=50&btnG=Google+Search
INFO:score (a bad pump): 861,000
INFO:http://www.google.com/search?hl=en&q=%22bad+pump+that%22&num=50&btnG=Google+Search
INFO:score (bad pump that): 430,000
INFO:http://www.google.com/search?hl=en&q=%22bad+pump%22&num=50&btnG=Google+Search
INFO:score ("bad pump"): 123,000
INFO:denominator ("bad pump"): 123000.0
INFO:http://www.google.com/search?hl=en&q=%22bad+pump%22+%22information+technology%22&num=50&btnG=Google+Search
INFO:score ("bad pump" "information technology"): 618
INFO:http://www.google.com/search?hl=en&q=%22bad+pump%22+%22medical%22&num=50&btnG=Google+Search
INFO:score ("bad pump" "medical"): 18,100
INFO:[123000.0, 618.0, 18100.0]
INFO:bad ticker
INFO:bad mettle
INFO:prominent heart
INFO:http://www.google.com/search?hl=en&q=%22a+prominent+heart%22&num=50&btnG=Google+Search
INFO:score (a prominent heart): 255,000
INFO:http://www.google.com/search?hl=en&q=%22prominent+heart+that%22&num=50&btnG=Google+Search
WARNING:No match! .. no google hits? (prominent heart that)
INFO:http://www.google.com/search?hl=en&q=%22prominent+heart%22&num=50&btnG=Google+Search
INFO:score ("prominent heart"): 13,900
INFO:denominator ("prominent heart"): 13900.0
INFO:http://www.google.com/search?hl=en&q=%22prominent+heart%22+%22information+technology%22&num=50&btnG=Google+Search
INFO:score ("prominent heart" "information technology"): 1,680
INFO:http://www.google.com/search?hl=en&q=%22prominent+heart%22+%22medical%22&num=50&btnG=Google+Search
INFO:score ("prominent heart" "medical"): 21,400
INFO:[13900.0, 1680.0, 21400.0]
INFO:prominent bosom
INFO:http://www.google.com/search?hl=en&q=%22a+prominent+bosom%22&num=50&btnG=Google+Search
INFO:score (a prominent bosom): 12,900
INFO:http://www.google.com/search?hl=en&q=%22prominent+bosom+that%22&num=50&btnG=Google+Search
INFO:score (prominent bosom that): 20
INFO:http://www.google.com/search?hl=en&q=%22prominent+bosom%22&num=50&btnG=Google+Search
INFO:score ("prominent bosom"): 6,480
INFO:denominator ("prominent bosom"): 6480.0
INFO:http://www.google.com/search?hl=en&q=%22prominent+bosom%22+%22information+technology%22&num=50&btnG=Google+Search
WARNING:No match! .. no google hits? ("prominent bosom" "information technology")
INFO:http://www.google.com/search?hl=en&q=%22prominent+bosom%22+%22medical%22&num=50&btnG=Google+Search
INFO:score ("prominent bosom" "medical"): 986
INFO:[6480.0, 0.0, 986.0]
INFO:prominent pump
INFO:prominent ticker
INFO:prominent mettle
INFO:heavy heart
INFO:http://www.google.com/search?hl=en&q=%22a+heavy+heart%22&num=50&btnG=Google+Search
INFO:score (a heavy heart): 31,500,000
INFO:http://www.google.com/search?hl=en&q=%22heavy+heart+that%22&num=50&btnG=Google+Search
INFO:score (heavy heart that): 7,990,000
INFO:http://www.google.com/search?hl=en&q=%22heavy+heart%22&num=50&btnG=Google+Search
INFO:score ("heavy heart"): 2,900,000
INFO:denominator ("heavy heart"): 2900000.0
INFO:http://www.google.com/search?hl=en&q=%22heavy+heart%22+%22information+technology%22&num=50&btnG=Google+Search
INFO:score ("heavy heart" "information technology"): 121,000
INFO:http://www.google.com/search?hl=en&q=%22heavy+heart%22+%22medical%22&num=50&btnG=Google+Search
INFO:score ("heavy heart" "medical"): 373,000
INFO:[2900000.0, 121000.0, 373000.0]
INFO:heavy bosom
INFO:http://www.google.com/search?hl=en&q=%22a+heavy+bosom%22&num=50&btnG=Google+Search
INFO:score (a heavy bosom): 80,800
INFO:http://www.google.com/search?hl=en&q=%22heavy+bosom+that%22&num=50&btnG=Google+Search
INFO:score (heavy bosom that): 40
INFO:http://www.google.com/search?hl=en&q=%22heavy+bosom%22&num=50&btnG=Google+Search
INFO:score ("heavy bosom"): 10,500
INFO:denominator ("heavy bosom"): 10500.0
INFO:http://www.google.com/search?hl=en&q=%22heavy+bosom%22+%22information+technology%22&num=50&btnG=Google+Search
WARNING:No match! .. no google hits? ("heavy bosom" "information technology")
INFO:http://www.google.com/search?hl=en&q=%22heavy+bosom%22+%22medical%22&num=50&btnG=Google+Search
INFO:score ("heavy bosom" "medical"): 2,940
INFO:[10500.0, 0.0, 2940.0]
INFO:heavy pump
INFO:http://www.google.com/search?hl=en&q=%22a+heavy+pump%22&num=50&btnG=Google+Search
INFO:score (a heavy pump): 412,000
INFO:http://www.google.com/search?hl=en&q=%22heavy+pump+that%22&num=50&btnG=Google+Search
WARNING:No match! .. no google hits? (heavy pump that)
INFO:http://www.google.com/search?hl=en&q=%22heavy+pump%22&num=50&btnG=Google+Search
INFO:score ("heavy pump"): 95,200
INFO:denominator ("heavy pump"): 95200.0
INFO:http://www.google.com/search?hl=en&q=%22heavy+pump%22+%22information+technology%22&num=50&btnG=Google+Search
INFO:score ("heavy pump" "information technology"): 4,400
INFO:http://www.google.com/search?hl=en&q=%22heavy+pump%22+%22medical%22&num=50&btnG=Google+Search
INFO:score ("heavy pump" "medical"): 66,900
INFO:[95200.0, 4400.0, 66900.0]
INFO:heavy ticker
INFO:heavy mettle
INFO:[('heart', 'that'), ('bosom', 'that'), ('pump', 'that'), ('ticker', 'that'), ('mettle', 'that')]
INFO:ngram result on (heart that,bosom that,pump that,ticker that,mettle that): , 2.5098313282493714e-06, 4.9486840403289989e-08, 1.6012623049732611e-07, 3.5593506660565786e-09, 5.2968761969178031e-09]
INFO:5 <-> 5
INFO:heart that
INFO:http://www.google.com/search?hl=en&q=%22big+heart+that%22&num=50&btnG=Google+Search
INFO:score (big heart that): 2,290,000
INFO:http://www.google.com/search?hl=en&q=%22heart+that%22&num=50&btnG=Google+Search
INFO:score ("heart that"): 19,700,000
INFO:denominator ("heart that"): 19700000.0
INFO:http://www.google.com/search?hl=en&q=%22heart+that%22+%22information+technology%22&num=50&btnG=Google+Search
INFO:score ("heart that" "information technology"): 1,610,000
INFO:http://www.google.com/search?hl=en&q=%22heart+that%22+%22medical%22&num=50&btnG=Google+Search
INFO:score ("heart that" "medical"): 5,400,000
INFO:[19700000.0, 1610000.0, 5400000.0]
INFO:bosom that
INFO:http://www.google.com/search?hl=en&q=%22big+bosom+that%22&num=50&btnG=Google+Search
INFO:score (big bosom that): 443,000
INFO:http://www.google.com/search?hl=en&q=%22bosom+that%22&num=50&btnG=Google+Search
INFO:score ("bosom that"): 119,000
INFO:denominator ("bosom that"): 119000.0
INFO:http://www.google.com/search?hl=en&q=%22bosom+that%22+%22information+technology%22&num=50&btnG=Google+Search
INFO:score ("bosom that" "information technology"): 3,530
INFO:http://www.google.com/search?hl=en&q=%22bosom+that%22+%22medical%22&num=50&btnG=Google+Search
INFO:score ("bosom that" "medical"): 86,000
INFO:[119000.0, 3530.0, 86000.0]
INFO:pump that
INFO:http://www.google.com/search?hl=en&q=%22big+pump+that%22&num=50&btnG=Google+Search
INFO:score (big pump that): 410,000
INFO:http://www.google.com/search?hl=en&q=%22pump+that%22&num=50&btnG=Google+Search
INFO:score ("pump that"): 4,650,000
INFO:denominator ("pump that"): 4650000.0
INFO:http://www.google.com/search?hl=en&q=%22pump+that%22+%22information+technology%22&num=50&btnG=Google+Search
INFO:score ("pump that" "information technology"): 551,000
INFO:http://www.google.com/search?hl=en&q=%22pump+that%22+%22medical%22&num=50&btnG=Google+Search
INFO:score ("pump that" "medical"): 728,000
INFO:[4650000.0, 551000.0, 728000.0]
INFO:ticker that
INFO:http://www.google.com/search?hl=en&q=%22big+ticker+that%22&num=50&btnG=Google+Search
WARNING:No match! .. no google hits? (big ticker that)
